Degrees test Eval Record info(1.0) for args L : Message 1	 
AND{
(1@25) : 0.08620529 dotAnd(maxOr(dotAnd(==(class,org.drools.chance.Message),Integer ==(org.drools.chance.Message.status,0),Integer ==(org.drools.chance.Message.status,1)),dotAnd(==(class,org.drools.chance.Message),random(org.drools.chance.Message.status,2))),-dotAnd(dotAnd(==(class,org.drools.chance.Message),random(org.drools.chance.Message.status,3)),dotAnd(==(class,org.drools.chance.Message),random(org.drools.chance.Message.status,4))),dotAnd(==(class,org.drools.chance.Message),random(org.drools.chance.Message.status,5))) [EVAL 0.08620529,]
(1@26) : 1.0 TestOpDegs [EVAL 0.0,PRIOR 1.0,]
}

(1@27) : 0.08620529 minAnd(dotAnd(maxOr(dotAnd(==(class,org.drools.chance.Message),Integer ==(org.drools.chance.Message.status,0),Integer ==(org.drools.chance.Message.status,1)),dotAnd(==(class,org.drools.chance.Message),random(org.drools.chance.Message.status,2))),-dotAnd(dotAnd(==(class,org.drools.chance.Message),random(org.drools.chance.Message.status,3)),dotAnd(==(class,org.drools.chance.Message),random(org.drools.chance.Message.status,4))),dotAnd(==(class,org.drools.chance.Message),random(org.drools.chance.Message.status,5))),TestOpDegs) [EVAL 0.08620529,]
	(1@25) : 0.08620529 dotAnd(maxOr(dotAnd(==(class,org.drools.chance.Message),Integer ==(org.drools.chance.Message.status,0),Integer ==(org.drools.chance.Message.status,1)),dotAnd(==(class,org.drools.chance.Message),random(org.drools.chance.Message.status,2))),-dotAnd(dotAnd(==(class,org.drools.chance.Message),random(org.drools.chance.Message.status,3)),dotAnd(==(class,org.drools.chance.Message),random(org.drools.chance.Message.status,4))),dotAnd(==(class,org.drools.chance.Message),random(org.drools.chance.Message.status,5))) [EVAL 0.08620529,]
		(1@11) : 0.56920236 maxOr(dotAnd(==(class,org.drools.chance.Message),Integer ==(org.drools.chance.Message.status,0),Integer ==(org.drools.chance.Message.status,1)),dotAnd(==(class,org.drools.chance.Message),random(org.drools.chance.Message.status,2))) [EVAL 0.56920236,]
			(1@1) : 0.0 dotAnd(==(class,org.drools.chance.Message),Integer ==(org.drools.chance.Message.status,0),Integer ==(org.drools.chance.Message.status,1)) [EVAL 0.0,]
				(1@3) : 1.0 ==(class,org.drools.chance.Message) [EVAL 1.0,]
				(1@4) : 1.0 Integer ==(org.drools.chance.Message.status,0) [EVAL 1.0,]
				(1@5) : 0.0 Integer ==(org.drools.chance.Message.status,1) [EVAL 0.0,]
			(1@1) : 0.56920236 dotAnd(==(class,org.drools.chance.Message),random(org.drools.chance.Message.status,2)) [EVAL 0.56920236,]
				(1@3) : 1.0 ==(class,org.drools.chance.Message) [EVAL 1.0,]
				(1@9) : 0.56920236 random(org.drools.chance.Message.status,2) [EVAL 0.56920236,]
		(1@20) : 0.9093653 -dotAnd(dotAnd(==(class,org.drools.chance.Message),random(org.drools.chance.Message.status,3)),dotAnd(==(class,org.drools.chance.Message),random(org.drools.chance.Message.status,4))) [EVAL 0.9093653,]
			(1@1) : 0.33255377 dotAnd(==(class,org.drools.chance.Message),random(org.drools.chance.Message.status,3)) [EVAL 0.33255377,]
				(1@3) : 1.0 ==(class,org.drools.chance.Message) [EVAL 1.0,]
				(1@14) : 0.33255377 random(org.drools.chance.Message.status,3) [EVAL 0.33255377,]
			(1@1) : 0.27254146 dotAnd(==(class,org.drools.chance.Message),random(org.drools.chance.Message.status,4)) [EVAL 0.27254146,]
				(1@3) : 1.0 ==(class,org.drools.chance.Message) [EVAL 1.0,]
				(1@18) : 0.27254146 random(org.drools.chance.Message.status,4) [EVAL 0.27254146,]
		(1@1) : 0.16654395 dotAnd(==(class,org.drools.chance.Message),random(org.drools.chance.Message.status,5)) [EVAL 0.16654395,]
			(1@3) : 1.0 ==(class,org.drools.chance.Message) [EVAL 1.0,]
			(1@23) : 0.16654395 random(org.drools.chance.Message.status,5) [EVAL 0.16654395,]
	(1@26) : 1.0 TestOpDegs [EVAL 0.0,PRIOR 1.0,]
